Arguments: 
  /usr/bin/node /usr/bin/yarn

PATH: 
  /home/joao/.zplugin/polaris/bin:/home/joao/.local/bin:/usr/local/sbin:/usr/local/bin:/usr/sbin:/usr/bin:/sbin:/bin:/usr/games:/usr/local/games:/snap/bin:/home/joao/Android/Sdk/tools:/home/joao/Android/Sdk/platform-tools:/home/joao/Android/Sdk/tools/bin

Yarn version: 
  1.16.0

Node version: 
  10.17.0

Platform: 
  linux x64

Trace: 
  SyntaxError: /home/joao/Documentos/Mestrado/Algoritmo genético/mochila/mochila/package.json: Unexpected token } in JSON at position 184
      at JSON.parse (<anonymous>)
      at /usr/lib/node_modules/yarn/lib/cli.js:1625:59
      at Generator.next (<anonymous>)
      at step (/usr/lib/node_modules/yarn/lib/cli.js:304:30)
      at /usr/lib/node_modules/yarn/lib/cli.js:315:13

npm manifest: 
  {
    "name": "mochila",
    "version": "1",
    "description": "algoritmo genético aplicado ao caso da mochila binária",
    "main": "src/main.js",
    "author": "jvaurof",
    "license": "MIT",
  }

yarn manifest: 
  No manifest

Lockfile: 
  # THIS IS AN AUTOGENERATED FILE. DO NOT EDIT THIS FILE DIRECTLY.
  # yarn lockfile v1
  
  
  nan@^2.13.2:
    version "2.14.0"
    resolved "https://registry.yarnpkg.com/nan/-/nan-2.14.0.tgz#7818f722027b2459a86f0295d434d1fc2336c52c"
    integrity sha512-INOFj37C7k3AfaNTtX8RhsTw7qRy7eLET14cROi9+5HAVbbHuIWUHEauBv5qT4Av2tWasiTY1Jw6puUNqRJXQg==
  
  sleep@^6.1.0:
    version "6.1.0"
    resolved "https://registry.yarnpkg.com/sleep/-/sleep-6.1.0.tgz#5507b520556a82ffb983d39123c5459470fa2a9e"
    integrity sha512-Z1x4JjJxsru75Tqn8F4tnOFeEu3HjtITTsumYUiuz54sGKdISgLCek9AUlXlVVrkhltRFhNUsJDJE76SFHTDIQ==
    dependencies:
      nan "^2.13.2"
